<?xml version="1.0" encoding="UTF-8"?>
<testsuite name="com.example.thenewboston.controller.BankControllerTest" tests="0" skipped="0" failures="0" errors="0" timestamp="1970-01-01T00:00:00" hostname="PT198LXLT" time="0.0">
  <properties/>
  <system-out><![CDATA[13:19:49.150 [Test worker] INFO org.springframework.test.context.support.AnnotationConfigContextLoaderUtils -- Could not detect default configuration classes for test class [com.example.thenewboston.controller.BankControllerTest]: BankControllerTest does not declare any static, non-private, non-final, nested classes annotated with @Configuration.
13:19:49.260 [Test worker] INFO org.springframework.boot.test.context.SpringBootTestContextBootstrapper -- Found @SpringBootConfiguration com.example.thenewboston.TheNewBostonApplication for test class com.example.thenewboston.controller.BankControllerTest
]]></system-out>
  <system-err><![CDATA[]]></system-err>
</testsuite>
